<?xml version="1.0" encoding="UTF-8" ?>
<testsuite failures="0" time="0.657" errors="0" skipped="0" tests="10" name="il.technion.ewolf.kbr.openkad.net.MessageDispatcherTest">
  <properties>
    <property name="java.runtime.name" value="Java(TM) SE Runtime Environment"/>
    <property name="sun.boot.library.path" value="/Library/Java/JavaVirtualMachines/jdk1.7.0_21.jdk/Contents/Home/jre/lib"/>
    <property name="java.vm.version" value="23.21-b01"/>
    <property name="gopherProxySet" value="false"/>
    <property name="java.vm.vendor" value="Oracle Corporation"/>
    <property name="java.vendor.url" value="http://java.oracle.com/"/>
    <property name="path.separator" value=":"/>
    <property name="java.vm.name" value="Java HotSpot(TM) 64-Bit Server VM"/>
    <property name="file.encoding.pkg" value="sun.io"/>
    <property name="user.country" value="US"/>
    <property name="sun.java.launcher" value="SUN_STANDARD"/>
    <property name="sun.os.patch.level" value="unknown"/>
    <property name="java.vm.specification.name" value="Java Virtual Machine Specification"/>
    <property name="user.dir" value="/Users/matthew/code/mapreduce-maven/openkad"/>
    <property name="java.runtime.version" value="1.7.0_21-b12"/>
    <property name="java.awt.graphicsenv" value="sun.awt.CGraphicsEnvironment"/>
    <property name="basedir" value="/Users/matthew/code/mapreduce-maven/openkad"/>
    <property name="java.endorsed.dirs" value="/Library/Java/JavaVirtualMachines/jdk1.7.0_21.jdk/Contents/Home/jre/lib/endorsed"/>
    <property name="os.arch" value="x86_64"/>
    <property name="surefire.real.class.path" value="/Users/matthew/code/mapreduce-maven/openkad/target/surefire/surefirebooter6040722228204035340.jar"/>
    <property name="java.io.tmpdir" value="/var/folders/sk/k8rg2d7x4dl65htrkcm5r77h0000gn/T/"/>
    <property name="line.separator" value="
"/>
    <property name="java.vm.specification.vendor" value="Oracle Corporation"/>
    <property name="os.name" value="Mac OS X"/>
    <property name="sun.jnu.encoding" value="UTF-8"/>
    <property name="java.library.path" value="/Users/matthew/Library/Java/Extensions:/Library/Java/Extensions:/Network/Library/Java/Extensions:/System/Library/Java/Extensions:/usr/lib/java:."/>
    <property name="surefire.test.class.path" value="/Users/matthew/code/mapreduce-maven/openkad/target/test-classes:/Users/matthew/code/mapreduce-maven/openkad/target/classes:/Users/matthew/.m2/repository/com/google/inject/guice/3.0/guice-3.0.jar:/Users/matthew/.m2/repository/javax/inject/javax.inject/1/javax.inject-1.jar:/Users/matthew/.m2/repository/aopalliance/aopalliance/1.0/aopalliance-1.0.jar:/Users/matthew/.m2/repository/com/google/code/gson/gson/2.2.4/gson-2.2.4.jar:/Users/matthew/.m2/repository/com/googlecode/lambdaj/lambdaj/2.3.3/lambdaj-2.3.3.jar:/Users/matthew/.m2/repository/org/hamcrest/hamcrest-all/1.1/hamcrest-all-1.1.jar:/Users/matthew/.m2/repository/org/objenesis/objenesis/1.2/objenesis-1.2.jar:/Users/matthew/.m2/repository/cglib/cglib-nodep/2.2/cglib-nodep-2.2.jar:/Users/matthew/.m2/repository/org/mockito/mockito-all/1.9.5/mockito-all-1.9.5.jar:/Users/matthew/.m2/repository/junit/junit/4.11/junit-4.11.jar:/Users/matthew/.m2/repository/org/hamcrest/hamcrest-core/1.3/hamcrest-core-1.3.jar:/Users/matthew/.m2/repository/commons-codec/commons-codec/1.8/commons-codec-1.8.jar:"/>
    <property name="java.specification.name" value="Java Platform API Specification"/>
    <property name="java.class.version" value="51.0"/>
    <property name="sun.management.compiler" value="HotSpot 64-Bit Tiered Compilers"/>
    <property name="os.version" value="10.7.5"/>
    <property name="http.nonProxyHosts" value="local|*.local|169.254/16|*.169.254/16"/>
    <property name="user.home" value="/Users/matthew"/>
    <property name="user.timezone" value=""/>
    <property name="java.awt.printerjob" value="sun.lwawt.macosx.CPrinterJob"/>
    <property name="java.specification.version" value="1.7"/>
    <property name="file.encoding" value="UTF-8"/>
    <property name="user.name" value="matthew"/>
    <property name="java.class.path" value="/Users/matthew/code/mapreduce-maven/openkad/target/test-classes:/Users/matthew/code/mapreduce-maven/openkad/target/classes:/Users/matthew/.m2/repository/com/google/inject/guice/3.0/guice-3.0.jar:/Users/matthew/.m2/repository/javax/inject/javax.inject/1/javax.inject-1.jar:/Users/matthew/.m2/repository/aopalliance/aopalliance/1.0/aopalliance-1.0.jar:/Users/matthew/.m2/repository/com/google/code/gson/gson/2.2.4/gson-2.2.4.jar:/Users/matthew/.m2/repository/com/googlecode/lambdaj/lambdaj/2.3.3/lambdaj-2.3.3.jar:/Users/matthew/.m2/repository/org/hamcrest/hamcrest-all/1.1/hamcrest-all-1.1.jar:/Users/matthew/.m2/repository/org/objenesis/objenesis/1.2/objenesis-1.2.jar:/Users/matthew/.m2/repository/cglib/cglib-nodep/2.2/cglib-nodep-2.2.jar:/Users/matthew/.m2/repository/org/mockito/mockito-all/1.9.5/mockito-all-1.9.5.jar:/Users/matthew/.m2/repository/junit/junit/4.11/junit-4.11.jar:/Users/matthew/.m2/repository/org/hamcrest/hamcrest-core/1.3/hamcrest-core-1.3.jar:/Users/matthew/.m2/repository/commons-codec/commons-codec/1.8/commons-codec-1.8.jar:"/>
    <property name="java.vm.specification.version" value="1.7"/>
    <property name="sun.arch.data.model" value="64"/>
    <property name="java.home" value="/Library/Java/JavaVirtualMachines/jdk1.7.0_21.jdk/Contents/Home/jre"/>
    <property name="sun.java.command" value="/Users/matthew/code/mapreduce-maven/openkad/target/surefire/surefirebooter6040722228204035340.jar /Users/matthew/code/mapreduce-maven/openkad/target/surefire/surefire346489776585854057tmp /Users/matthew/code/mapreduce-maven/openkad/target/surefire/surefire6510687093755433167tmp"/>
    <property name="java.specification.vendor" value="Oracle Corporation"/>
    <property name="user.language" value="en"/>
    <property name="awt.toolkit" value="sun.lwawt.macosx.LWCToolkit"/>
    <property name="java.vm.info" value="mixed mode"/>
    <property name="java.version" value="1.7.0_21"/>
    <property name="java.ext.dirs" value="/Users/matthew/Library/Java/Extensions:/Library/Java/JavaVirtualMachines/jdk1.7.0_21.jdk/Contents/Home/jre/lib/ext:/Library/Java/Extensions:/Network/Library/Java/Extensions:/System/Library/Java/Extensions:/usr/lib/java"/>
    <property name="sun.boot.class.path" value="/Library/Java/JavaVirtualMachines/jdk1.7.0_21.jdk/Contents/Home/jre/lib/resources.jar:/Library/Java/JavaVirtualMachines/jdk1.7.0_21.jdk/Contents/Home/jre/lib/rt.jar:/Library/Java/JavaVirtualMachines/jdk1.7.0_21.jdk/Contents/Home/jre/lib/sunrsasign.jar:/Library/Java/JavaVirtualMachines/jdk1.7.0_21.jdk/Contents/Home/jre/lib/jsse.jar:/Library/Java/JavaVirtualMachines/jdk1.7.0_21.jdk/Contents/Home/jre/lib/jce.jar:/Library/Java/JavaVirtualMachines/jdk1.7.0_21.jdk/Contents/Home/jre/lib/charsets.jar:/Library/Java/JavaVirtualMachines/jdk1.7.0_21.jdk/Contents/Home/jre/lib/jfr.jar:/Library/Java/JavaVirtualMachines/jdk1.7.0_21.jdk/Contents/Home/jre/lib/JObjC.jar:/Library/Java/JavaVirtualMachines/jdk1.7.0_21.jdk/Contents/Home/jre/classes"/>
    <property name="java.vendor" value="Oracle Corporation"/>
    <property name="localRepository" value="/Users/matthew/.m2/repository"/>
    <property name="file.separator" value="/"/>
    <property name="java.vendor.url.bug" value="http://bugreport.sun.com/bugreport/"/>
    <property name="sun.cpu.endian" value="little"/>
    <property name="sun.io.unicode.encoding" value="UnicodeBig"/>
    <property name="socksNonProxyHosts" value="local|*.local|169.254/16|*.169.254/16"/>
    <property name="ftp.nonProxyHosts" value="local|*.local|169.254/16|*.169.254/16"/>
    <property name="sun.cpu.isalist" value=""/>
  </properties>
  <testcase time="0.219" classname="il.technion.ewolf.kbr.openkad.net.MessageDispatcherTest" name="itShouldWaitUntilHandleWasInvokedWhenSendAndWait"/>
  <testcase time="0.008" classname="il.technion.ewolf.kbr.openkad.net.MessageDispatcherTest" name="itShouldRemoveItselfFromOutstandingRequestsAndExpectersWhenDone"/>
  <testcase time="0.002" classname="il.technion.ewolf.kbr.openkad.net.MessageDispatcherTest" name="itShouldInsertItselfToOutstandingRequestsWhenSent"/>
  <testcase time="0.002" classname="il.technion.ewolf.kbr.openkad.net.MessageDispatcherTest" name="itShouldInvokeCallbackAfterHandle"/>
  <testcase time="0.002" classname="il.technion.ewolf.kbr.openkad.net.MessageDispatcherTest" name="itShouldWaitUntilMessageIsRecvedWhenExpecting"/>
  <testcase time="0.104" classname="il.technion.ewolf.kbr.openkad.net.MessageDispatcherTest" name="itShouldTimedoutWhenSendAndWait"/>
  <testcase time="0.104" classname="il.technion.ewolf.kbr.openkad.net.MessageDispatcherTest" name="itShouldTimedoutWhenExpectingAndWaiting"/>
  <testcase time="0.003" classname="il.technion.ewolf.kbr.openkad.net.MessageDispatcherTest" name="itShouldRemoveIteselfFromExpectersWhenConsumableAndRegistered"/>
  <testcase time="0.203" classname="il.technion.ewolf.kbr.openkad.net.MessageDispatcherTest" name="itShouldTimedoutAfterSendWithoutHandle"/>
  <testcase time="0.003" classname="il.technion.ewolf.kbr.openkad.net.MessageDispatcherTest" name="itShouldNotRemoveItselfFromExpectersWhenNonConsumableAndRegistered"/>
</testsuite>